[2015-12-30 19:13:24] local.ERROR: exception 'ErrorException' with message 'file_put_contents(/999b603bc42d4054131279301fe5df88): failed to open stream: Permission denied' in /home/sagar/Projects/velle/web-push-notification-widget/notification/vendor/laravel/framework/src/Illuminate/Filesystem/Filesystem.php:81
Stack trace:
#0 [internal function]: Illuminate\Foundation\Bootstrap\HandleExceptions->handleError(2, 'file_put_conten...', '/home/sagar/Pro...', 81, Array)
#1 /home/sagar/Projects/velle/web-push-notification-widget/notification/vendor/laravel/framework/src/Illuminate/Filesystem/Filesystem.php(81): file_put_contents('/999b603bc42d40...', '<?php $__env->s...', 0)
#2 /home/sagar/Projects/velle/web-push-notification-widget/notification/vendor/laravel/framework/src/Illuminate/View/Compilers/BladeCompiler.php(102): Illuminate\Filesystem\Filesystem->put('/999b603bc42d40...', '<?php $__env->s...')
#3 /home/sagar/Projects/velle/web-push-notification-widget/notification/vendor/laravel/framework/src/Illuminate/View/Engines/CompilerEngine.php(50): Illuminate\View\Compilers\BladeCompiler->compile('/home/sagar/Pro...')
#4 /home/sagar/Projects/velle/web-push-notification-widget/notification/vendor/laravel/framework/src/Illuminate/View/View.php(135): Illuminate\View\Engines\CompilerEngine->get('/home/sagar/Pro...', Array)
#5 /home/sagar/Projects/velle/web-push-notification-widget/notification/vendor/laravel/framework/src/Illuminate/View/View.php(106): Illuminate\View\View->getContents()
#6 /home/sagar/Projects/velle/web-push-notification-widget/notification/vendor/laravel/framework/src/Illuminate/View/View.php(80): Illuminate\View\View->renderContents()
#7 /home/sagar/Projects/velle/web-push-notification-widget/notification/vendor/laravel/framework/src/Illuminate/Http/Response.php(51): Illuminate\View\View->render()
#8 /home/sagar/Projects/velle/web-push-notification-widget/notification/vendor/symfony/http-foundation/Response.php(198): Illuminate\Http\Response->setContent(Object(Illuminate\View\View))
#9 /home/sagar/Projects/velle/web-push-notification-widget/notification/vendor/laravel/framework/src/Illuminate/Routing/Router.php(1229): Symfony\Component\HttpFoundation\Response->__construct(Object(Illuminate\View\View))
#10 /home/sagar/Projects/velle/web-push-notification-widget/notification/vendor/laravel/framework/src/Illuminate/Routing/Router.php(709): Illuminate\Routing\Router->prepareResponse(Object(Illuminate\Http\Request), Object(Illuminate\View\View))
#11 [internal function]: Illuminate\Routing\Router->Illuminate\Routing\{closure}(Object(Illuminate\Http\Request))
#12 /home/sagar/Projects/velle/web-push-notification-widget/notification/vendor/laravel/framework/src/Illuminate/Pipeline/Pipeline.php(139): call_user_func(Object(Closure), Object(Illuminate\Http\Request))
#13 [internal function]: Illuminate\Pipeline\Pipeline->Illuminate\Pipeline\{closure}(Object(Illuminate\Http\Request))
#14 /home/sagar/Projects/velle/web-push-notification-widget/notification/vendor/laravel/framework/src/Illuminate/Pipeline/Pipeline.php(103): call_user_func(Object(Closure), Object(Illuminate\Http\Request))
#15 /home/sagar/Projects/velle/web-push-notification-widget/notification/vendor/laravel/framework/src/Illuminate/Routing/Router.php(710): Illuminate\Pipeline\Pipeline->then(Object(Closure))
#16 /home/sagar/Projects/velle/web-push-notification-widget/notification/vendor/laravel/framework/src/Illuminate/Routing/Router.php(675): Illuminate\Routing\Router->runRouteWithinStack(Object(Illuminate\Routing\Route), Object(Illuminate\Http\Request))
#17 /home/sagar/Projects/velle/web-push-notification-widget/notification/vendor/laravel/framework/src/Illuminate/Routing/Router.php(635): Illuminate\Routing\Router->dispatchToRoute(Object(Illuminate\Http\Request))
#18 /home/sagar/Projects/velle/web-push-notification-widget/notification/vendor/laravel/framework/src/Illuminate/Foundation/Http/Kernel.php(236): Illuminate\Routing\Router->dispatch(Object(Illuminate\Http\Request))
#19 [internal function]: Illuminate\Foundation\Http\Kernel->Illuminate\Foundation\Http\{closure}(Object(Illuminate\Http\Request))
#20 /home/sagar/Projects/velle/web-push-notification-widget/notification/vendor/laravel/framework/src/Illuminate/Pipeline/Pipeline.php(139): call_user_func(Object(Closure), Object(Illuminate\Http\Request))
#21 /home/sagar/Projects/velle/web-push-notification-widget/notification/vendor/laravel/framework/src/Illuminate/Foundation/Http/Middleware/VerifyCsrfToken.php(50): Illuminate\Pipeline\Pipeline->Illuminate\Pipeline\{closure}(Object(Illuminate\Http\Request))
#22 [internal function]: Illuminate\Foundation\Http\Middleware\VerifyCsrfToken->handle(Object(Illuminate\Http\Request), Object(Closure))
#23 /home/sagar/Projects/velle/web-push-notification-widget/notification/vendor/laravel/framework/src/Illuminate/Pipeline/Pipeline.php(124): call_user_func_array(Array, Array)
#24 /home/sagar/Projects/velle/web-push-notification-widget/notification/vendor/laravel/framework/src/Illuminate/View/Middleware/ShareErrorsFromSession.php(49): Illuminate\Pipeline\Pipeline->Illuminate\Pipeline\{closure}(Object(Illuminate\Http\Request))
#25 [internal function]: Illuminate\View\Middleware\ShareErrorsFromSession->handle(Object(Illuminate\Http\Request), Object(Closure))
#26 /home/sagar/Projects/velle/web-push-notification-widget/notification/vendor/laravel/framework/src/Illuminate/Pipeline/Pipeline.php(124): call_user_func_array(Array, Array)
#27 /home/sagar/Projects/velle/web-push-notification-widget/notification/vendor/laravel/framework/src/Illuminate/Session/Middleware/StartSession.php(62): Illuminate\Pipeline\Pipeline->Illuminate\Pipeline\{closure}(Object(Illuminate\Http\Request))
#28 [internal function]: Illuminate\Session\Middleware\StartSession->handle(Object(Illuminate\Http\Request), Object(Closure))
#29 /home/sagar/Projects/velle/web-push-notification-widget/notification/vendor/laravel/framework/src/Illuminate/Pipeline/Pipeline.php(124): call_user_func_array(Array, Array)
#30 /home/sagar/Projects/velle/web-push-notification-widget/notification/vendor/laravel/framework/src/Illuminate/Cookie/Middleware/AddQueuedCookiesToResponse.php(37): Illuminate\Pipeline\Pipeline->Illuminate\Pipeline\{closure}(Object(Illuminate\Http\Request))
#31 [internal function]: Illuminate\Cookie\Middleware\AddQueuedCookiesToResponse->handle(Object(Illuminate\Http\Request), Object(Closure))
#32 /home/sagar/Projects/velle/web-push-notification-widget/notification/vendor/laravel/framework/src/Illuminate/Pipeline/Pipeline.php(124): call_user_func_array(Array, Array)
#33 /home/sagar/Projects/velle/web-push-notification-widget/notification/vendor/laravel/framework/src/Illuminate/Cookie/Middleware/EncryptCookies.php(59): Illuminate\Pipeline\Pipeline->Illuminate\Pipeline\{closure}(Object(Illuminate\Http\Request))
#34 [internal function]: Illuminate\Cookie\Middleware\EncryptCookies->handle(Object(Illuminate\Http\Request), Object(Closure))
#35 /home/sagar/Projects/velle/web-push-notification-widget/notification/vendor/laravel/framework/src/Illuminate/Pipeline/Pipeline.php(124): call_user_func_array(Array, Array)
#36 /home/sagar/Projects/velle/web-push-notification-widget/notification/vendor/laravel/framework/src/Illuminate/Foundation/Http/Middleware/CheckForMaintenanceMode.php(44): Illuminate\Pipeline\Pipeline->Illuminate\Pipeline\{closure}(Object(Illuminate\Http\Request))
#37 [internal function]: Illuminate\Foundation\Http\Middleware\CheckForMaintenanceMode->handle(Object(Illuminate\Http\Request), Object(Closure))
#38 /home/sagar/Projects/velle/web-push-notification-widget/notification/vendor/laravel/framework/src/Illuminate/Pipeline/Pipeline.php(124): call_user_func_array(Array, Array)
#39 [internal function]: Illuminate\Pipeline\Pipeline->Illuminate\Pipeline\{closure}(Object(Illuminate\Http\Request))
#40 /home/sagar/Projects/velle/web-push-notification-widget/notification/vendor/laravel/framework/src/Illuminate/Pipeline/Pipeline.php(103): call_user_func(Object(Closure), Object(Illuminate\Http\Request))
#41 /home/sagar/Projects/velle/web-push-notification-widget/notification/vendor/laravel/framework/src/Illuminate/Foundation/Http/Kernel.php(122): Illuminate\Pipeline\Pipeline->then(Object(Closure))
#42 /home/sagar/Projects/velle/web-push-notification-widget/notification/vendor/laravel/framework/src/Illuminate/Foundation/Http/Kernel.php(87): Illuminate\Foundation\Http\Kernel->sendRequestThroughRouter(Object(Illuminate\Http\Request))
#43 /home/sagar/Projects/velle/web-push-notification-widget/notification/public/index.php(54): Illuminate\Foundation\Http\Kernel->handle(Object(Illuminate\Http\Request))
#44 /home/sagar/Projects/velle/web-push-notification-widget/notification/server.php(21): require_once('/home/sagar/Pro...')
#45 {main}  
[2015-12-30 19:13:24] local.ERROR: exception 'ErrorException' with message 'file_put_contents(/home/sagar/Projects/velle/web-push-notification-widget/notification/storage/framework/sessions/47a9c31fba445bdf70e060ff2259916564509725): failed to open stream: No such file or directory' in /home/sagar/Projects/velle/web-push-notification-widget/notification/vendor/laravel/framework/src/Illuminate/Filesystem/Filesystem.php:81
Stack trace:
#0 [internal function]: Illuminate\Foundation\Bootstrap\HandleExceptions->handleError(2, 'file_put_conten...', '/home/sagar/Pro...', 81, Array)
#1 /home/sagar/Projects/velle/web-push-notification-widget/notification/vendor/laravel/framework/src/Illuminate/Filesystem/Filesystem.php(81): file_put_contents('/home/sagar/Pro...', 'a:3:{s:6:"_toke...', 2)
#2 /home/sagar/Projects/velle/web-push-notification-widget/notification/vendor/laravel/framework/src/Illuminate/Session/FileSessionHandler.php(71): Illuminate\Filesystem\Filesystem->put('/home/sagar/Pro...', 'a:3:{s:6:"_toke...', true)
#3 /home/sagar/Projects/velle/web-push-notification-widget/notification/vendor/laravel/framework/src/Illuminate/Session/Store.php(271): Illuminate\Session\FileSessionHandler->write('47a9c31fba445bd...', 'a:3:{s:6:"_toke...')
#4 /home/sagar/Projects/velle/web-push-notification-widget/notification/vendor/laravel/framework/src/Illuminate/Session/Middleware/StartSession.php(88): Illuminate\Session\Store->save()
#5 /home/sagar/Projects/velle/web-push-notification-widget/notification/vendor/laravel/framework/src/Illuminate/Foundation/Http/Kernel.php(145): Illuminate\Session\Middleware\StartSession->terminate(Object(Illuminate\Http\Request), Object(Illuminate\Http\Response))
#6 /home/sagar/Projects/velle/web-push-notification-widget/notification/public/index.php(58): Illuminate\Foundation\Http\Kernel->terminate(Object(Illuminate\Http\Request), Object(Illuminate\Http\Response))
#7 /home/sagar/Projects/velle/web-push-notification-widget/notification/server.php(21): require_once('/home/sagar/Pro...')
#8 {main}  
